<?xml version="1.0" encoding="UTF-8" ?>
<testsuite errors="0" failures="0" hostname="WorkLaptop" name="futoshikipart3.FutoshikiLoadSaveTest" skipped="0" tests="1" time="0.095" timestamp="2019-05-09T07:33:39">
  <properties>
[...]
</properties>
  <testcase classname="futoshikipart3.FutoshikiLoadSaveTest" name="saveandthenloadTest" time="0.023" />
  <system-out><![CDATA[--- --- --- --- ---
| | | | |5| |3|>| |
--- --- --- --- ---
         v         
--- --- --- --- ---
| | | | | | | |<|2|
--- --- --- --- ---
     v   v   ^     
--- --- --- --- ---
| | | | |3| | |<| |
--- --- --- --- ---
         v         
--- --- --- --- ---
| | | | | | | |>| |
--- --- --- --- ---
                   
--- --- --- --- ---
| |>| | |1| | | | |
--- --- --- --- ---

save
--- --- --- --- ---
| | | | |5| |3|>| |
--- --- --- --- ---
         v         
--- --- --- --- ---
| | | | | | | |<|2|
--- --- --- --- ---
     v   v   ^     
--- --- --- --- ---
| | | | |3| | |<| |
--- --- --- --- ---
         v         
--- --- --- --- ---
| | | | | | | |>| |
--- --- --- --- ---
                   
--- --- --- --- ---
| |>| | |1| | | | |
--- --- --- --- ---

Written to File
--- --- --- --- ---
| |>| | | |>| | | |
--- --- --- --- ---
 ^       v   ^     
--- --- --- --- ---
| | | | | | | |>|2|
--- --- --- --- ---
                   
--- --- --- --- ---
| |<| | |4| | | | |
--- --- --- --- ---
     ^             
--- --- --- --- ---
|3| | | | | |4|>|1|
--- --- --- --- ---
             ^     
--- --- --- --- ---
| | | | | | | | | |
--- --- --- --- ---

0101503001
0101010120
0101300101
0101010101
0101100101
   >
   <
   <
   >
>   
  v  
 vv^ 
  v  
     
24531
35412
12345
41253
53124
null
load
--- --- --- --- ---
| | | | |5| |3|>| |
--- --- --- --- ---
         v         
--- --- --- --- ---
| | | | | | | |<|2|
--- --- --- --- ---
     v   v   ^     
--- --- --- --- ---
| | | | |3| | |<| |
--- --- --- --- ---
         v         
--- --- --- --- ---
| | | | | | | |>| |
--- --- --- --- ---
                   
--- --- --- --- ---
| |>| | |1| | | | |
--- --- --- --- ---

]]></system-out>
  <system-err><![CDATA[]]></system-err>
</testsuite>
